(S'MT19937'
p0
cnumpy.core.multiarray
_reconstruct
p1
(cnumpy
ndarray
p2
(I0
tp3
S'b'
p4
tp5
Rp6
(I1
(I624
tp7
cnumpy
dtype
p8
(S'u4'
p9
I0
I1
tp10
Rp11
(I3
S'<'
p12
NNNI-1
I-1
I0
tp13
bI00
S'\xac\x98\x05\x8c\xf6\x1f\x1bCW\x91\xd1\xa6\xc2\x0e\xfb\xef\xea\x88\x91o\xbfc\xf8\x16>\x9e4\xb8\x81\xde\xcd\x0e\xb2\xa6I\x84\x8d*\xbd\xa9\x1f\t\xe1u|\x16\x8e\xcd\xb4\xf3Z`oM\x16\xc4\xdcI\x97!\xbbj\xe6\xe0\x128O\xd0\xcf\xd07;y\x0cl\xc8\x15D\xa6\xc8\x18\xae[\xc1\x16\xf2J\xbe\xef\xfc\xe3\x0e\n\xe4\x08\x1f\xbc)\xe1\xe6=;\xe8\x18\xfb\x7f\t\xf4\xc3|\x92\xf3!J.\xaa\xca*c\x06\xe3%)\xab\'\x17\xa3\x81YT\x81k#$\xb3q\x0e\xa9YK\x9b\x1c\x07\x82\x9e\x8e\x0c\xcd$\x90\x95\t\x8d\xcf~$e\x17\x0e\x10E\xb6\x0b\xef6\xe5\x8c&\x83\xa5\x014\xd4\x92G\xaf^\x80\x91U\xd3\x95\x05\x10\xa8\xf3k%\n\x89\x02\x91\xfc\xf6-\t\\y\x91o\xe3\xee\xdd\xcb\xb4B\xff\x8bu\xefVtZL\xcc~\x08G7)\xd9\x03\xa0$\xf69\x00\xa1\xe6\xdc\xcf\x16\x13\xb9\xa6\xf1\xe2\xc7\x97\xe4\x05\x88?\xff\xa4\x08g\xc5U\xa8\xe6\xee\xc8\xaf\xde\xf4\x00\xaaAy-\xd8\xec\xaf\xd9\xbcC4\x7f\x9f\x93\xe7\xa6\xd8J6\xd4T.\xd2\xa5\x87\xcd\x06\x06CZ=\xb7\xc7GB\xe2\xb0\x80\xd5\xe3\xb3>]xi\x13\xc9+\x9bA\x19C\x8c\x85\x1c\xdfZ\xa9\x1d\xd4\xb0\xb3\x12L\xd7\\j\x10\xa1\xf7\xc3\xc8\x7f\xa6\xce\xaa\xdc.tb\xc3\x82\x15\x1dW\xd3\x84\x93\x80\x80\xfa\x92\x19\x82\x04\x0c\x15IC\x8dH\xdb\xc7\xbf\xc4\xbc"\x81\xb1\x13\x07r5FS=\xe9\xc5\xf9tL\xa9sW\xe9\xe7\xdb\xda\x83\xf0\x80\xa6\xba\x03>.\xe8P\xbe\x19Z\xf1\xab+\x11\xd3w\x89\x9c\xf3A\xda{F\x1bGP\xaf\xbf\xd9\xb6\xac\x97O\xebz\xac\x838\x06q@\x8f}[\x0e3\x88\xfb\x87\xfe\xc8g\xf6\x0e\x0b:\xec\x86\xeb|\x03\xd8\xbf52\xaaV\x1a\xa0\x12\x8f\xec\x92\x18\r\xae\xe4\xad\xc2\x8e3)E\x0f\xbc\x9f\x9a/\xc3\x7f\xdfK\xdcw\xd9\xb0\x10eb\xe7\xb8\xa8\x7f\xdc2>6\x83\xd3:\xd4\xf1E0\x85\xd1\x14\x86\x9f\x8d\xf5_+\x1e\xc2P^,-&\x10\xfc\x95\xd1e\n\x13J\xf9\x04\xf9P &\xdc\x8bz\x9e\x86F\xa9]\xe7\x9fpb\x0e\x8d=\x141\x85\xe6\xb6\xc5\x85B\xa2~\x87\x80\xa7\xda\nA\xd7\xa9B\xa1\x18\xd2\xbf\x10lxO@\xbf\x9bZ\xcfB\x9ahW0\xa0\xc3\xa2r\xdf\xf2\x02\xbfk\xae\xf2\xe6\xa8\xf3\xc8Qz\x9a\xbd\xa7,av}\xceJ\x80\xead\xbfS\x9cUf\t\x9e\xbdC:|\xdfK\xaeTr\x106r\x93\xd2\x9c\xdc\xec\xae\x9f\x90\xb2X\xa9\x89\x1e\x08\xccj\x81\xd2\xd35H\xd5F\xbb\xdb\x00\xf8r3\x8a\xc5!\xc4\x10\x1anjK\x9b18\xcd&\xf8PM\xfd\x93\x89.-\xd7\'\x83M\xcb\x14\xd8\x8f\xeb5|j\n\xfeL\xf0z\xb1\',\xa4\x8aqz.\x9eY\x1c\x03\xad\xd9\xe2\tT5}\xaf\xfc\xd3\xf6\x11\x8f5h\x96\xee\xa3\xb3\xc5W\x88\x8b@\xecfG\xb0\xc0\xfa\'\xba\x85\xcbu\xc5\x1cw\xe3/hfM6\x81\r\xf5\xce\xb99\xd6^\xd8\xe8\x8e\xc0k~\xce\xf8=m\xf3\x87\xd6\xa2\xde\xe9\x01\xc7-\x03\x1bd\xa7\x90\x8d.#\xab\xe1\xc3(\xbf*\x9a\x8d`\xda\xda\xf6\xdf\xe3\xcb$j\xef):\xe8\x11\xae]\xc8\xc2Cc\xa5\x1e\xf0\x9c\xd4\xde\x04\n\x1dPO\x15\x0b\xb2\x1d\x07\xd4\x00\xa8 %cN\x90\x95s\x97h}\xb9C\x81\x08\x96\xfd\xfb\xf6\x1a\x1c\xa1\xf8\xfbK\x9f\xef]Xt \x9e\x94\x15\xacni\xab\xa6\nP\xc2\xeb:3I\xdd\rd\\\xe8\xcd1\xb5\xe5\x19\x9b\x8e\xe2\x83\x126\x89h67\xb9a\xdbOCJt\xe3\xa4\xc6<\xfb4\x9d\xd7s1\x98\xc4XKh\x02\xb3\xc4wo\x08\xff\x08\xb1l\xde\x1c\xd5\xd7\x06\x9bb\xc5\xd4^L\xc3\xe4\x96\xe0\xa2x@v\xe1\xc3\x9ej<\xde89\xff\xe8\xd4\x82w\xc5\xa7\xb5[\x88.T\x1a\xf1\xd7s\x82!\x195\x82h\x9e\xa1\xa8\xb4\xfb\x9c\x1a\xc0\r\xc10\xdb\xef\x8e\x19\xe1k\xb4\x9e\xed\xf0\xa5\x8d\xee\x94\x16\x1fe\xc3CR\xb4?\x194\x0e\xee\xb1\xa9\x9b\x1b)\x82\x94\xe4\xf3\xac\xfa#H\x99\x1a\xf3z\x18\xf3~B*\x11\xb6P\x00\xc6\xc0\xd7H(\x12{vk\xd8\x9b\xce\xf35\x92\x95\xb1\xb7\xb0\xbau\xbe\xd7{\xcd\xdc\x11\xf4W\x1bu\x8f\xe4\x80\x8a\xcc\xdc\x98\x1a\xa44WY|\x98V\nj\xda>f\xa1\x089\xf6\x00Y\xc9\xa5\x9c\xd9\x06\xa6E\xe7\xda\x83\xb4\xb5\xb75_\x0e\x05\xc9\xd1#,\xbeo\x81\x1d\xef\x14\xf6n\x9b\xa3P_\rxS\xf0\xa5\xaaS\xb1\xa4\x9bp\xa9\x98\x08X\x9dT\x84j\x7fe%\xa9\x12\xff\xa7\xc0\xdd\xb0\x12m\xebL\x1c\xad~Ju\xfc\x99\x07.\xe8\xc8\xbaGo\x14\xca\xa7\xcat\x89G0U+\xe8(\xa2\x9a\xdeV\xfb\xa4eAr\xb5B\\\xfc\xc9P\x92\x9d2\xcd\xf4\x0f\xb9\xe9\xc0:\x86\x8bd\x1asv\xfcE\xa5\x1d\x8a\x99\x96p\x0b\x1evV\x7f\xf8\x14\xf5s\xf6!\xfe\xd2V\xac\x01\xc0GU\x16b\xfdv\x1bW\xda3U\xbd{\x07\x1f\xdb\xf0\x17\xf1\x0e\xb3`\xc5\x800V\xdf\x1a\xbf\x07u\xa8\x1d\xdb@}\xd0\rt7\x13\x14\xa3j\\\xeel\xd8\xdfz\x83--r\xf3\xb8\x0c/\xe4Kg\x11\xf3\xab\x16C(Z~\xc2\xf6\x91\xa3\xde\x1bY\xc3\rJ\xb3\x97U*pJ\xeav\x94\xcf\xfc\x84w\xe7\xd2x\xc7\xf1\x89\x1d\rA\x03\xa74\xadK\x98\xd5\x884\xbbea?\x03\x0f\x85FB\xaf\xafD\xe2\x14\x8f\xe3\x9d\'\xe7p7P\xb4"^}\x06"T\xa9#\xae\xb0] \xc4\xcfV0\xa9\x07k\x1e\xba,\xb0HG\xd1\xcd6E\x10\x16\xb6\x16/\xda\xbbF\xaa\x0e\xf5\xaco\x02\x0b\xf3G+\x16 \xedY\xbd\xe7 \x0f\x04\xef\xcb8\xc8\x9e\xdb\xf0y1*\xde\x98\xc7\x89\x9awD\x9d\x82\x84~O\x06\xde\x84\xc8pB\x92\x02\x9f&\xcd\xba\xad\xf8\xf55U\xcb\xff8(\x11\xf1\xbe\x98X)9\xa3\x1e2\xb4P\xbf-\xb3\x04t\xb9V5\x91\xb8Kd\x7f\xd4\x1cUCg\x11g\x82Vm\xe0*\xc7\x9c\x1e7\x02G\x1c\xa4\xb2\xb5\x99\x1c\xa8K\xf6\n\xe1\xba\'\x1e\x8d\xb9\x92>\x9e\x8bQ&rb\xb5\x01a\xb9(\x071\xbec~\xb9]\xfc\x91\x1c\xb5\x01*\xc7j\xdd\xab\x8d\x90\xb3\xf0\xbe\xb2bQp,E\xa9\xbf\xb1\x04\x0bUo\x03E\xb4Vj\t\xe0\xc7\x07\xc8\xda\xa12\xdf\xfbDC;,\x86\xe3\x08z\xe3RU\xcc\xbe\xfao\x04X\n\xe4\xb5$\xafd\xc3w\xe4\xd7\xd8\xe2\xe7\x88\x9eJ\xaa\x03k\xf0\xa67o\xb5\x9b\xb3RqayA\xc7\x9d${\x9b\xe5\xebr\xddL_b\x93\x0f\x83\xb1\x82\xfa\xf2\x9aD?E\x8bn\xe0r|x\xf8\xca"\x8a\x97\x1d@\xec\xdf\xf9\xcd\xfd\xd1\xd0\x11\x83\x04\xc4\xd0\x0f\xcfP\xac\n\xd6:t7\xa9)\xb8\x8cE3\xda\xbfZU\xa0D\\\xd86\x83nI"\xcce\xde\xfb.c\\\xce\x05O\xdf\xcb6\xe3\xa8\x1bD\x9b\xa3=1\xb5\xa0Y^m8\x03\xbc\xdd\xc4\x17K\xc2\'+\x81=&\xffT\x8a\xc7\x0e\x0b5J7/mrNQ5\x90$\xbd\xe7y\xa4\xbd\xbf\x1d\xda\x97\xb7_\xc8u\x99\xb2\xff\xb0ohN\xd0\xce\xd2@\xd5\x0f!m\xec\xe6\xc3\xd4\xb6\x11\x1d+\x91\xdb\x11\xc2\xb9\xed\xa7\x19*\x1bR\x04\xd6W\xb4}\xfa\x1d\xc1.&\xf8\xd2\xda\x8b\x06\xdc\x91Z_%<1Q3\x10\xa6&\x15\x0fd\xc49A;\x1e\xbb\x83\x88B\xf0\xea\x15\xe2\xe8\xdf\xed\x032\x02\xa1\xc5\xdb\xcc\xcbx<\xd6\xc1\x94\x01\xaaQ\xed\xa4\xb1TVmu\n\x8e`\xca\xdf\xef\xd4\xcet\xd2wY\x80\xc7\x9d\x89\xa007\x8a)\xe0(\xbb\xf8p\x1f\xf1Da\xbf#\xc4\x96O\xe0\xa3vfF\\\x86\x96\xd2\xc3\xd0\x16K\x01\x04,\xed\xb1\xbau\x11\xa8>H\xac\xef\xb7eEkN6\x97\x91/\xc9/\xe1og\x85o\x97\xdf\x13\xfc\xcay|\xa2\xb9\x7fCjK.4\xf7o\x9c.\x0f\'0;\xef\x87\xc6\xa1[\xe4H\x17\xe6\x0c\xd3=\xa0:H\xd1|\xd6\xad\xc5ojn\xcf$\x96`\x17\xea}-\x9d\xa4\x99&VU\xc7e+>\xbce\xee\xb2G<*\x93/d\xf1\xfa\xde\x91\xcdW\xa6\xef\xb6\xd1\x96s\x06w\xf8-\\ON \xe7[\xf0{\x0f\xe1\xc6\x9f8\xbe`\xad\x82\x92\x80\x1e\x88\xdf8\x8f\xe1T\x7f\xbb\xef+\x80E+2\xb3;\xc4\x058\x1d J;|D\xec\t\xab\xe4\x93\xf8:\xe6\xa6\xe2%G\x93q\x13$<\xba\x93\xcd\xac;\xc5\xf1\x82w\x1b<\x16\xcc\xd5\x88\xbb\xa0U\x89z{A\xe6\x9c\xc8l\xdd\x0b\xd2\x94\x88\xf2q\xc1g\x9b\xc3\x107\xc8\x81\xb5\xf0\xf8@\x16b\x18\x81\x93o\x00\x17\xb9\xc8\xefX\x1f\x06,\xc3\x9f\xec\x1di\xee9~\xcb\xe7Q::]\x9e\xa5\x93\x82)b\xacz\x86~\xf7E\xec\xc1u\x9e\xabE\x8b9s\xcc\xc4\xa1\xd5\xb3\xa4\x1a\x07\xdb\x07\x8eCHH\x93\xa8o\xe7\xe68\x01bN\xa4\xce\xa2\x03\n8\xf0\n\xeb\xdb\x15e\x03\xeb\xb3"X\xca\x14#\x01+\xc9\x98j\xe5\xc8\x186\xb2i\x1ce\x16u\x90\rn\xe1J\xba\xdam\xbaX_\xf6\x8c3\x04\xa6\xc49\x9d\xf6\x00G\xd6\xf8\x90\x8d{\xee\x89W2\x95$\xfd[\x81w\x10;\x96O]\xfd1\x1c\x181L\xa2\xe9\xa5<F\x1eg\xac\x86\xd4W\xf4\xacI\x06\xf1*\x94\x92\xc9[\tK\x9a\xad\xce\xef*\x13\xa6C\xc9m\x92\xb3R]`;\xe6-\x93\xa6\xa3\xba\xcd\xb7\x1d\x03J\x96\xde\xd4\x87>\xffnmp\x18&\x83\xcc\x17\x1a\x98\t\x8b\xed\x12\xfe\xcfu\xe5\x8d\xd8\xa9\x03\x04W\r\r\x16\xf5\xe2;\xe7\xfea\xc2\x1b2\xf4;z\xd4\xc4\xb5\x9a\xf9\xbe\x97\x88]H\x93$\xf8\xce7\xcck\xeeD\xec\xff\x18\xdb\xa0\xa0\x03\x88\xde\xad}>\xfd\x04Q#$\xd6\xae\x10\x97X\xd1\xf7,\xae\xd9\x9a5\t4O\x9a\x8d\xb2\x9f\x80\xdb#8\xea\xdb@\xaa[T\xffs\xb3\x02'
p14
tp15
bI325
I0
F0.0
tp16
.