(S'MT19937'
p0
cnumpy.core.multiarray
_reconstruct
p1
(cnumpy
ndarray
p2
(I0
tp3
S'b'
p4
tp5
Rp6
(I1
(I624
tp7
cnumpy
dtype
p8
(S'u4'
p9
I0
I1
tp10
Rp11
(I3
S'<'
p12
NNNI-1
I-1
I0
tp13
bI00
S'l\xe452\x12\x87<\xaf\x9f\xcc\x8e{\xcb\xa0\xc2j#\xfd\xcb\xb0\x84\xa7\xa3\xda\x00\xe3\xd1\xd8\xd0\xe0\x8f\xba\xf5\x1a\x85?\x07\xd4\xbd}\xf4\xa5M=\xd7\xeb\xed\x11c\x8bv\xe5\x16\xfeBXl\rC\xbb8\xab\x12s\xee\xef\x9d\\\x8d\x97\xa1X\x03U\x8d\xf5<\xcd\x03\n\x81\x9b\xc9\x1d&\xeb\x85\xcb\xe9\x0e;\xbeMr\xbd\xfbi\x18\xdb\x1a\xadL\xe4?\x90\xf2\x9a\xd1\x90^\xb5r\xd9x\xdb\xd0\x86\xe4AZ_\x9a\x12VW\x19\x14!\x903\xed\xe2\xca\xb2H\xf9\xbe\x97y\x85\xb8\xa9\xde\x80.\xde2\x0b<\x995[\x16K\x91\x8b?.\xf90()\xf1$\xb8\xa4\xed\xe5\xdc\xbc\x88\x98Y\x92\xf9\xdf\xfb\xa4\xdb\xd8\x04B\xc1\xee-Tk\xe8AQnAil\xc4\x8ba?0\xb5\xde\xbd\x9a\x18 \xdd\xcf*M\xecF\x03u\xc3\x92\x00\x97\x95\x1fMD\xd8\xee@\x9eI\x81%\xc2\xf9,}*\xec\x9e\xc8\xe8\xa0\x0b,\xf9\xb4Lu,\xaa;\xa6\xf4V\xa2Z\xe7\xd9\xe5\xe454uSh\x8b\x0ff\x1e\xec3\xb4z\xcf\xeeq\xc7\xfe\xce\'\xc6Hx\xf9\xad\x92\xe8\xef{5u\xf2\x9d\x98.\xb2\xce\x10&\xb1qxf\xa5\x85\x10\xad2\xc2\xecqN\x9b\x02\xf2\x90\x07\xa8\xe8\x9e\x8d\xd1q\x0cV\x12\xdc\x98\x9c\xe5q\'m<\xe0u\xaf\x9cm7$ \x15-\x1c\xc5\xe4\x83\rV\x8c6e\xa1R\xd0\xde\x08xn\xabb\xa2\xc2\xedJ\x1c\x84\\9C\x10\xd1E\'\x8a:\x8a\x02\xffJ\xe0\x0e\xb3\xb68\x13\xb5\xf8\x1b\x9c:L75\xe4g\x16rQEK\x15\xe3z\x98\x1c\xcb\x1dZ}b\x05\xf6\xb4\xf7Yx\xa9\x87\xcebN\xa3\xc3\xcf\x87G\xa8o\xb5U\xf7\xd9\x04v"\xaa\xe9\x94\xfe\x0cL\xd3K\x8d\xf50<]v\\[s\x06]o\xffQ\xe4\x9fcpi\xc8p\xe6\xf5\x9b\xd0\xa0\xbd]\x12J6\x96\xdc\xe6O\xa0|\xbf\x9eV\xe8.\xf4=u.\x8f\xbe\xb8\xd1\x1a\xdc\x18\x94@\x03\xbb\x17RC\xd1\xeeg\xfb\xc7\xe5\x03\x0cnaE\xa7\x0c\xaf\xf1\xb1m\xa2\x7f?\x11\x93\xb9Q\x18\x19\xafH"\xe4 \x8e\xad\xe7u\xa4\xc4\xce\xb8\x1a\xbb\xa0w=\x08d\x14\xc4\x08\xca\x9b\xf7\xbe9\xd4\xb4V>\xb2N\xdcxG?Q[[\xbf\xfe\xe6\x9f\xb1\xf7\x88i\xd0\xcf\x04\x9e\x1dE\x06\x1fW\x1a\xcdh\x12\xae\xb5]\x9a\xbaA\xd9\xc7\x9c\xed`\x97\xcd\xf9"\xc5\xb1\xf1\xa8\xf2\xeb\x8d0\xe2\xb5\xbc\x98\x03\xff\xef\x13\xe2\xfb?njNd\xda3\xc7\xa1f\xf2\x80S\xa2\xeck\xba\x0c\xb1\xa3\xbc\xcbY\x02\x8b:\x08\xc0\xcb\x90\x92\xe7\xa5P\xb5\x17}\x85\x81\x81\x9a1gTi\xd7\xd2\xe3(\xaf\x08\xfc\x07:\xe3\'\t\xcbHx\xbdUh\x8e\xc5tR\x8f\xd5\xf2\xeeB/\xde\xaf\x9c`\xbb\xf2\xac\x86\xc7\x8e8\x7f\x11T#\xae\xc7\xbeZ>\xcdk\x0f\xed\xd4\xf4\xfa\x7f\xbdz\xb3n\x07\xc3W\x0ek\xef\xf0\xc7\xb1\x82\xbf\x8a\x8a\xbep\xaf\xbb\x92W\xf2L\x00\xd91\x8c\xb0MT\xc4\x03\x92;\xe3]\xd6\x08\xec\r\xe4\xcc\xb0\xa3\xac6\xc7\xfb\x99@\n}\xe0\x9e,fd\x89E$\xaf\xce\xb8\xdah\xda\xccl\x13\x1e\xadn\x8a\xad\xff\x83\x1b\xf3AB\x96:\xa2\xce\\zC\xbb\x0e\xe6\x9d\x96\xe1\x9c\xe2/D2BZ\xf5\x8e,\xce\xbd\xa5w\xe7]\x97\x95_3\xea\x8ba\x8e\xc5\xbe|\xef\xd8m\xb7\rX\x9f\x0c\x0e\xe87\xfd\x1dZO/F7R\x1f8W~\xb0\xc0B?c\t\x92\x8c\xabU=\x94BxV\x91\x81\xd5\x9be\xc0\x9c\x8dl\x89\xcd|\xcb;\x99307\x85\x91+\xf5!,\x9bb\xe9\xe9\xe1\xa6\xc7\x7f\x17R\xb4mM\x08\x16\xdcaZ`|\x9e\x94\xcfH\xaf\xb0\xcd%\xc5\xc4Q%\xa5\xbd\xc4\xd7&\x91]\xf8\xa9c\x85\x840\r\xb1/Qx\x1e,\x8eF\x1bO\xd6s\x01\xe36\x0c\x1b\xf0\x0e\xc1\xf3\xb9^\x1eoUtt\x85\x06Iab\xdeI\x93\t\n\xe4J\xb8\x92\xb6\x1b~\xe8\x07ejE\xb5\x9d&~\x1d\xd7*\xf8\x1e\n\xd2\xfc\xab\x10<\xc4sZ\xd5.X\xc2\xf4\x85S\x0e\x1cz\x1c\xe3\x81\xb87\xf6\xba\x86\xa1\xefjL\x0bQ\x0e\xd3\xf3\xf5\xc7\xb3\xdb\x8d\x94\xec-^\xa1\x0e\xf86,\xa7>\r\xce\xa6\xa7\xe9\xf9%\x8e\x14\x8f&,N\xa9f\x91\x1f\xf4\x12\xb6\xbe\n\x9bfDy\x9dD@\x0c`H$v_p\x89\x05\xb8%\x11\xe8\xb5\x08Sk\x01\x12f\xa8q#\xbc\xbb\xa1\x16\xc5\x10\xfb\x08\xb0!#(k\xf1J\x86\x02\xc5\x03"_\xdb1\\#\x12\xb4\xc5\xde\x8e)\x9e\xd9\x06\xd9\xe3\xc5\xdd\xd0"\x11<\x89b\xb8\x05\x8c\x1d(y_\xa2\xf9b&\xb6\x95\x0c\x96\xd5\xd2YiG<)\xee\xaa\xf6T\xf0\xec\t\xa0\xfc\xdb\xeb\xca\xaf\x99\'\xd1\xdfj\xc3\x94~4\xc5h\xe8~0\xc46FF\xfe{\x04FUmk\xaf\x0f\x97Oi\xb8#\xe2\xc0\xbe\xe1n\x17a\x19z\xae\xfeQ\xedi6\xd1H\x9b+\xd5\xa6\xf2\xc9 \xee\xd0&\xbfa\xcaa\x04\xaf\x05ws\x05\x06\xc0^\x84>\x04\xd9\xa8\x1b\x99\xbd\xd2\x01\xe8~\x01\xb2\\4\x88\x8c\xff-\xd0\xb6Y\xccGO\xc7_Y\xd8\x9c\xcd\x9b\x0bWG\xcc?*\x97\xda\x8a\xd77\xf8\xb4\x8d\xd2e)We\xf1-\x1fT\x1a\xaf\xa7\xb7r\xed0\xc3\xa4\xfa\x8e\x10bd\xc7j\xd5\xe7\xe0\x1f\xaa\xbc#\x15B-OG\x14\xc9\xf3\t*l\xb5\xc4\x8b<\xab\xcb<L8Z\x0e\xcad\xf6\xc8V\xfd\'$\xf4\xb1F\xd0\x10[\x19\x88\xb3d\x06\x15>Y\xf7W\x14A[\xfe\xc1]U\x17\xe1\xcdK\xbd\x15\x16\xae\xd5Ad9(\xa4\x18Jf5X\x1e\x08\xd5q\xc4\xcb\xab\xfc\xa7+\x12\x1c-H\xbf\xeaaw\x01L\x98<D#\x04\x04\x94<\x99\x9b\xfd\xb0e0\xc3D5\xc5\x13\x87\x82e8\xb6\x93\x9d\x12:\x0b\x10Gge\x83Bo\xff\xcf)\xbbp\x01>\xaf\xf1\xdd@\x02=e\xba\xd7_\xf2\xe9\xa0\xf8\x03\xe0\x87\xe2\xb5P\n\xdaV\'5\x90:8j\x03\xfb\x1d\x90\xf4\xe0fV\xcb\x90s\xa4\xcf\x98O\x1b\xbbm`$v\xa8\x91KG.R\x1cw\x8eM\x1e\x969_uT\xc5\xb8\x9c\x1a\x84[\x1aK\xcb\xc3M\xfc#2\x1bY\xc4\xd0\x03I\xf0>\x8e\x8e{\x1f\xd6\xaeCJ\xf8P\x1cA\xf1\xf3\xde@\x82\xba\xec2#\xe2\xa8\x9f9\xb4\xa2\xeb2\xa9}"\xec\x92\xc2g\x166qn\xae\x82dob\x13Jp\xd7\x0c\xdb\x8e\xe7O\xd5\x9d\xe3\x8a\x8b\x0b2\x95\xd3\x01\x12\xef\x10\xb9\xf5\xad\xb0\xb8\x95\xacC\xc5\xd3!E\x13\x9a\xf13\xad5\x85x\xec\xe3\xd1\x0c\xbb[\x14WfZ{\x18z\xbcc<\x81\x113\xe0\xe6\xe0\x18\xdb\xf2\x1e}#\xd6w]\xc7\xc0\x91{\xb1\xafj\xa1\xbb\x9d\xcf\'\xe1.\xfb\xd5\xd7\x9d"\x9alU\x86<\xbf\xe6\xa5\xae\xe0\xdcY\x1c\x95b\x8fp\xdeu\x8e\xa2\xcd\xf2\xbe\xa9\x8f\xea8\xc0R\xb6\xab\xd3\xb4\xcc\xb4\x99\x91\xe4\xc3KB\x9f\xfd\xef\xf0\xd1W\xbf\x98ke\x8b4\x9a\xc0|WS\xb7\x94!!C\xf4\xbb\xae/\xc3\xfeC`\xca\xa0O\xb1+>\x88+\xa07~\xfa\xd2J\x94\x8d@\xbd\xf2#\r\xf7yS\xbd\xbc)\xaf\x90Z\n#\x10M&\x08z\xf3\xa1\x0bn\xe7\xe4\x08\xcc\xe0\xaaEt\nc\xbf\xe4\xf4\xf9\x92\xc4\x89:\x83L\x8b\xc4\xca4I\xe50\xb9\x1b\xcf~\xfd~\x87@\xf8\xcfN6u\xc6\x0c\xb5\xc9\xee\x81\xaf\xf2\xdb\x1fv;\x99?\xf9ppMuDOh*Q.\xda\xa3\x01\x0cG\xe9DS\x94G\xe3k\xce\x9e\x80\xe0S\xe3a\x0f\x9d\xfa\x92\xdc\x86\xa4P}ZZ\xee\xd5n\x12\x94\xcdW\xee\x06AV\xac\xb5\x84R\xa0\x92?]\xa6\xc0\x90\xbfI\x95/\xb2\x98\xd1\x18t\x9bW\x86$\x02\xc5\x83\x80FcZ\xea\x84\x19*\x98\xb7\x19\xa1\xab\xa03\xf5\xbd\xe3-\xb7\xd7\xb2\xa4Z.\xa6\xe4\xb3\xed\x96!QH\xc5\xee5\n,@N\xea\x91(\xf2\xfa8[\x9c*\'w\xe9\x974 \xe5\xa8(6T\x9c\'\x04|\x96\xb2\xb7y\xc1\xf7Ddgu\xde\x0f\x0e\xc0\xc5\x06\xd2\t\xf1\xe3\xf1\x17\x04\xdb7\x1bK\r\xaf\xed\xda1\xc5\x81\x13\x16X\x9cq\xe6\xd8\xe5\xe0\xe6aP\x06[{w)\x19c\xd7!8E\x97\xfc\xdc\xa0\xecqu\xed\x8e\xc2X\x84\xa8\xf0\x91"\x96\x8c\x07u\x00\xd3\x0b\x1e\xf0k\xad*\xa8\'.\x14x\x91\x8a@X\x81~>w\xca%5-<\xa4\x81~\x94S\x1fv\x93\xcf\xa7\xe0\xa6;\x8a\xd9\xeaqLo\x1b*y\xa8\x86\xe2\x0bu?~$z\x0f\xb91\x84\xae=\xe8d \xbd\xdf$Ck\\\xd1\x02\xdb\x1b\xddj\x0f\xdd\xf4 o\x03B1b\xe7\x0c\xbd\xba\x13\x90-DX\x08MD\x12\x00\xee`\x83w\x02j\x8bq\xdc\xd3+\x0f\xd7i\xfc\x9f\xaa\x1c\x12\x89M2\xdb\x8b2\xa7\xc6,\xfbd\xd7\xfe\xa9\xb8\x17\xedHI\xd0\r4\xec\x08\xd3\xde\x1e(\xbc\xfc\xc0\xd4\x88\x8d0\xdf\x1d\xc7\x95\xdb@\x9f\xdb\xccMr\xa4_\x11\x99\xf8}4\x07m\xabvY\xa3\xbd\xfc]m(\xa3J?ci\x10\x16(R\x94\x92k\xa4e\xc3\x8b\xe5\x97cY\xf6\x7f\xd0"m\x19\x13\xab|\xb2\xcc\xd9\x05\x89\xc9V@\xe4\x8d\xfa\xa1k;,\xeeS]JV\xee\'\xc4\xd90\xab\xdf\xe3\xffZ\xc0\xb5\x92n~6\x98\xadN\x1c\x1c\xc22\xb0\xf3!r\xa15Z\xa2-h8K\xda5G\xccBZ\xcb\xaf_\x80-\x06\xa9\x12\xb2k|vB\x13\n\xcc\xe2\x1b\x0e\xeeZ;\xd3\xe3{\x98&8G\xb2H\xff_\x1f\xa2o]6\xc7(\x9dg\xd4\x9f\xe4\xbc:\x14\xef\x0b\x99\x9f\xb5\x0f6\x82\xeb\xa3&\xeaJ\x1e\xf6\xf1\x00\xc5\xe67\xd7\x83\x932\x00\xbfIR\xe1\xfb\x10]\xf5\xfb\x92[=\x7f\xc8r\xf5`j\xc8\x80\xf7ag\x8e,\xa8\x03\xc8\xbd\x15>b#\xf3\xf8\x13\xa4\x99\xec\xa0B\x990\xab\xdb>\xd8/-\xa3\xb3=vp\xa0\xf5'
p14
tp15
bI338
I0
F0.0
tp16
.